{
 "cells": [
  {
   "cell_type": "code",
   "execution_count": null,
   "metadata": {},
   "outputs": [],
   "source": [
    "from SetUp import *\n",
    "\n",
    "postgres = PostgresSetup()"
   ]
  },
  {
   "cell_type": "markdown",
   "metadata": {},
   "source": [
    "# Query 1"
   ]
  },
  {
   "cell_type": "code",
   "execution_count": null,
   "metadata": {},
   "outputs": [],
   "source": [
    "postgres.query('queries/q1.sql', db_name='yelp', file=True, explain=False, output=False)"
   ]
  },
  {
   "cell_type": "code",
   "execution_count": null,
   "metadata": {},
   "outputs": [
    {
     "data": {
      "text/html": [
       "<div>\n",
       "<style scoped>\n",
       "    .dataframe tbody tr th:only-of-type {\n",
       "        vertical-align: middle;\n",
       "    }\n",
       "\n",
       "    .dataframe tbody tr th {\n",
       "        vertical-align: top;\n",
       "    }\n",
       "\n",
       "    .dataframe thead th {\n",
       "        text-align: right;\n",
       "    }\n",
       "</style>\n",
       "<table border=\"1\" class=\"dataframe\">\n",
       "  <thead>\n",
       "    <tr style=\"text-align: right;\">\n",
       "      <th></th>\n",
       "      <th>business_id</th>\n",
       "      <th>name</th>\n",
       "      <th>stars</th>\n",
       "    </tr>\n",
       "  </thead>\n",
       "  <tbody>\n",
       "    <tr>\n",
       "      <th>0</th>\n",
       "      <td>---kPU91CF4Lq2-WlRu9Lw</td>\n",
       "      <td>Frankie's Raw Bar</td>\n",
       "      <td>4.5</td>\n",
       "    </tr>\n",
       "    <tr>\n",
       "      <th>1</th>\n",
       "      <td>--7PUidqRWpRSpXebiyxTg</td>\n",
       "      <td>Humpty's Family Restaurant</td>\n",
       "      <td>2.0</td>\n",
       "    </tr>\n",
       "    <tr>\n",
       "      <th>2</th>\n",
       "      <td>--SJXpAa0E-GCp2smaHf0A</td>\n",
       "      <td>Winn Dixie</td>\n",
       "      <td>2.5</td>\n",
       "    </tr>\n",
       "    <tr>\n",
       "      <th>3</th>\n",
       "      <td>--zb12mw2YK-7j6UaHzm8w</td>\n",
       "      <td>Billy Wright's Manuel's Style Hot Tamales</td>\n",
       "      <td>4.5</td>\n",
       "    </tr>\n",
       "    <tr>\n",
       "      <th>4</th>\n",
       "      <td>-_1ctmwdtSpjfpFu0pHXzw</td>\n",
       "      <td>Fat Boy’s Pizza</td>\n",
       "      <td>4.5</td>\n",
       "    </tr>\n",
       "    <tr>\n",
       "      <th>...</th>\n",
       "      <td>...</td>\n",
       "      <td>...</td>\n",
       "      <td>...</td>\n",
       "    </tr>\n",
       "    <tr>\n",
       "      <th>64572</th>\n",
       "      <td>zzXRdzrVhfNWPHD2MeyWeA</td>\n",
       "      <td>Royal Farms</td>\n",
       "      <td>2.0</td>\n",
       "    </tr>\n",
       "    <tr>\n",
       "      <th>64573</th>\n",
       "      <td>ZZYV8hA0Ty93TeDKW4_bBw</td>\n",
       "      <td>Coach's BBQ</td>\n",
       "      <td>3.5</td>\n",
       "    </tr>\n",
       "    <tr>\n",
       "      <th>64574</th>\n",
       "      <td>ZZyVnWiMjySRcFOTmpMS3w</td>\n",
       "      <td>Perfetto's Pizza</td>\n",
       "      <td>3.0</td>\n",
       "    </tr>\n",
       "    <tr>\n",
       "      <th>64575</th>\n",
       "      <td>zzyx5x0Z7xXWWvWnZFuxlQ</td>\n",
       "      <td>Walnut Street Pizza</td>\n",
       "      <td>2.5</td>\n",
       "    </tr>\n",
       "    <tr>\n",
       "      <th>64576</th>\n",
       "      <td>ZzzJ2jAPFJQGehBKcrZCYQ</td>\n",
       "      <td>Yuno Sushi &amp; Asian Cuisine</td>\n",
       "      <td>4.0</td>\n",
       "    </tr>\n",
       "  </tbody>\n",
       "</table>\n",
       "<p>64577 rows × 3 columns</p>\n",
       "</div>"
      ],
      "text/plain": [
       "                  business_id                                       name  \\\n",
       "0      ---kPU91CF4Lq2-WlRu9Lw                          Frankie's Raw Bar   \n",
       "1      --7PUidqRWpRSpXebiyxTg                 Humpty's Family Restaurant   \n",
       "2      --SJXpAa0E-GCp2smaHf0A                                 Winn Dixie   \n",
       "3      --zb12mw2YK-7j6UaHzm8w  Billy Wright's Manuel's Style Hot Tamales   \n",
       "4      -_1ctmwdtSpjfpFu0pHXzw                            Fat Boy’s Pizza   \n",
       "...                       ...                                        ...   \n",
       "64572  zzXRdzrVhfNWPHD2MeyWeA                                Royal Farms   \n",
       "64573  ZZYV8hA0Ty93TeDKW4_bBw                                Coach's BBQ   \n",
       "64574  ZZyVnWiMjySRcFOTmpMS3w                           Perfetto's Pizza   \n",
       "64575  zzyx5x0Z7xXWWvWnZFuxlQ                        Walnut Street Pizza   \n",
       "64576  ZzzJ2jAPFJQGehBKcrZCYQ                 Yuno Sushi & Asian Cuisine   \n",
       "\n",
       "       stars  \n",
       "0        4.5  \n",
       "1        2.0  \n",
       "2        2.5  \n",
       "3        4.5  \n",
       "4        4.5  \n",
       "...      ...  \n",
       "64572    2.0  \n",
       "64573    3.5  \n",
       "64574    3.0  \n",
       "64575    2.5  \n",
       "64576    4.0  \n",
       "\n",
       "[64577 rows x 3 columns]"
      ]
     },
     "execution_count": 9,
     "metadata": {},
     "output_type": "execute_result"
    }
   ],
   "source": [
    "postgres.query(\"\"\"\n",
    "SELECT * FROM restaurant_businesses_mv;\n",
    "\"\"\",\n",
    "db_name='yelp', file=False, explain=False, output=True)"
   ]
  },
  {
   "cell_type": "code",
   "execution_count": null,
   "metadata": {},
   "outputs": [
    {
     "data": {
      "text/plain": [
       "[('Hash Join  (cost=41947.90..87553.34 rows=150340 width=51) (actual time=340.757..935.730 rows=64577 loops=1)',),\n",
       " ('  Hash Cond: ((b.business_id)::text = (businesses.business_id)::text)',),\n",
       " ('  ->  Unique  (cost=23554.25..65534.03 rows=150340 width=23) (actual time=285.685..844.787 rows=64577 loops=1)',),\n",
       " ('        ->  Nested Loop  (cost=23554.25..61775.53 rows=1503400 width=23) (actual time=285.685..835.874 rows=80049 loops=1)',),\n",
       " ('              ->  Gather Merge  (cost=23554.24..41063.81 rows=150340 width=55) (actual time=285.625..412.318 rows=150346 loops=1)',),\n",
       " ('                    Workers Planned: 2',),\n",
       " ('                    Workers Launched: 2',),\n",
       " ('                    ->  Sort  (cost=22554.21..22710.82 rows=62642 width=55) (actual time=225.336..246.415 rows=50115 loops=3)',),\n",
       " ('                          Sort Key: b.business_id',),\n",
       " ('                          Sort Method: external merge  Disk: 5960kB',),\n",
       " ('                          Worker 0:  Sort Method: external merge  Disk: 3048kB',),\n",
       " ('                          Worker 1:  Sort Method: external merge  Disk: 4776kB',),\n",
       " ('                          ->  Nested Loop  (cost=0.00..15421.26 rows=62642 width=55) (actual time=0.164..44.470 rows=50115 loops=3)',),\n",
       " ('                                ->  Parallel Seq Scan on businesses b  (cost=0.00..14168.42 rows=62642 width=109) (actual time=0.153..9.124 rows=50115 loops=3)',),\n",
       " ('                                ->  Function Scan on unnest unnest_category  (cost=0.00..0.01 rows=1 width=32) (actual time=0.000..0.000 rows=1 loops=150346)',),\n",
       " ('              ->  Memoize  (cost=0.01..20.01 rows=10 width=0) (actual time=0.002..0.003 rows=1 loops=150346)',),\n",
       " ('                    Cache Key: unnest_category.unnest_category',),\n",
       " ('                    Cache Mode: binary',),\n",
       " ('                    Hits: 66110  Misses: 84236  Evictions: 32365  Overflows: 0  Memory Usage: 8193kB',),\n",
       " ('                    ->  Function Scan on regexp_split_to_table split_category  (cost=0.00..20.00 rows=10 width=0) (actual time=0.004..0.004 rows=1 loops=84236)',),\n",
       " (\"                          Filter: ((TRIM(BOTH FROM split_category) = 'Restaurants'::text) OR (TRIM(BOTH FROM split_category) = 'Food'::text))\",),\n",
       " ('                          Rows Removed by Filter: 5',),\n",
       " ('  ->  Hash  (cost=15045.40..15045.40 rows=150340 width=51) (actual time=54.910..54.910 rows=150346 loops=1)',),\n",
       " ('        Buckets: 131072  Batches: 2  Memory Usage: 7368kB',),\n",
       " ('        ->  Seq Scan on businesses  (cost=0.00..15045.40 rows=150340 width=51) (actual time=0.047..29.581 rows=150346 loops=1)',),\n",
       " ('Planning Time: 0.995 ms',),\n",
       " ('Execution Time: 939.602 ms',)]"
      ]
     },
     "execution_count": 10,
     "metadata": {},
     "output_type": "execute_result"
    }
   ],
   "source": [
    "postgres.query(\"\"\"\n",
    "EXPLAIN ANALYZE\n",
    "WITH businesses_categories AS (\n",
    "    SELECT business_id, name, TRIM(split_category) AS category\n",
    "    FROM businesses b\n",
    "    CROSS JOIN LATERAL UNNEST(categories) AS unnest_category\n",
    "    CROSS JOIN LATERAL REGEXP_SPLIT_TO_TABLE(unnest_category, ',') AS split_category\n",
    "), restaurant_businesses AS (\n",
    "    SELECT DISTINCT business_id\n",
    "    FROM businesses_categories\n",
    "    WHERE category = 'Restaurants' OR category = 'Food'\n",
    ")\n",
    "SELECT business_id, name, stars\n",
    "FROM businesses\n",
    "WHERE business_id IN (SELECT business_id FROM restaurant_businesses);\n",
    "\"\"\",\n",
    "db_name='yelp', file=False, explain=True, output=True)"
   ]
  },
  {
   "cell_type": "markdown",
   "metadata": {},
   "source": [
    "# Query 2"
   ]
  },
  {
   "cell_type": "code",
   "execution_count": null,
   "metadata": {},
   "outputs": [],
   "source": [
    "postgres.query('../queries/q2.sql', db_name='yelp', file=True, explain=False, output=False)"
   ]
  },
  {
   "cell_type": "code",
   "execution_count": null,
   "metadata": {},
   "outputs": [
    {
     "data": {
      "text/html": [
       "<div>\n",
       "<style scoped>\n",
       "    .dataframe tbody tr th:only-of-type {\n",
       "        vertical-align: middle;\n",
       "    }\n",
       "\n",
       "    .dataframe tbody tr th {\n",
       "        vertical-align: top;\n",
       "    }\n",
       "\n",
       "    .dataframe thead th {\n",
       "        text-align: right;\n",
       "    }\n",
       "</style>\n",
       "<table border=\"1\" class=\"dataframe\">\n",
       "  <thead>\n",
       "    <tr style=\"text-align: right;\">\n",
       "      <th></th>\n",
       "      <th>review_id</th>\n",
       "      <th>user_id</th>\n",
       "      <th>business_id</th>\n",
       "      <th>elite_users_rating</th>\n",
       "    </tr>\n",
       "  </thead>\n",
       "  <tbody>\n",
       "    <tr>\n",
       "      <th>0</th>\n",
       "      <td>VeLUA1ryxzQMDpkeWgc93w</td>\n",
       "      <td>ouODopBKF3AqfCkuQEnrDg</td>\n",
       "      <td>yfgGVwoWMEm3mWf9iUZ6jQ</td>\n",
       "      <td>4</td>\n",
       "    </tr>\n",
       "    <tr>\n",
       "      <th>1</th>\n",
       "      <td>c_q_NPPxyRFPWkVmOKDbeg</td>\n",
       "      <td>kB4jZscAdNAR7sg8Xs0icA</td>\n",
       "      <td>B10mqANgHvL8gBteo1UhAA</td>\n",
       "      <td>4</td>\n",
       "    </tr>\n",
       "    <tr>\n",
       "      <th>2</th>\n",
       "      <td>in0pHjItjTQurmLI7vfcDQ</td>\n",
       "      <td>kaa6i7IHMyYIom7DIul9EQ</td>\n",
       "      <td>u7_3L1NBWgxhBM_B-cmmnA</td>\n",
       "      <td>4</td>\n",
       "    </tr>\n",
       "    <tr>\n",
       "      <th>3</th>\n",
       "      <td>rOvS4kJiqzy5t1Rx_266rA</td>\n",
       "      <td>2botYYVjkOyNXYhzYZUrIQ</td>\n",
       "      <td>P_x9fEz8efemqOIV46S0tg</td>\n",
       "      <td>4</td>\n",
       "    </tr>\n",
       "    <tr>\n",
       "      <th>4</th>\n",
       "      <td>ys8lGUinqqNRIJ3YR39_Xw</td>\n",
       "      <td>zWK0IkGJ4C7tc2NvCbxucQ</td>\n",
       "      <td>j8JOZvfeHEfUWq3gEz6ABQ</td>\n",
       "      <td>5</td>\n",
       "    </tr>\n",
       "    <tr>\n",
       "      <th>...</th>\n",
       "      <td>...</td>\n",
       "      <td>...</td>\n",
       "      <td>...</td>\n",
       "      <td>...</td>\n",
       "    </tr>\n",
       "    <tr>\n",
       "      <th>1362150</th>\n",
       "      <td>uyVtfn-1e7hw1JI-nofGtA</td>\n",
       "      <td>UZOm2svtUK-lGt4oTvh4LA</td>\n",
       "      <td>8j5bQ0nDwoGiFaTQDNCQTg</td>\n",
       "      <td>5</td>\n",
       "    </tr>\n",
       "    <tr>\n",
       "      <th>1362151</th>\n",
       "      <td>v70vWS-r8yvqlrtwamUmWg</td>\n",
       "      <td>dplh43OlE_Rime4bFXLT6A</td>\n",
       "      <td>vb2XWr50QhBpcOtpzxmKWA</td>\n",
       "      <td>5</td>\n",
       "    </tr>\n",
       "    <tr>\n",
       "      <th>1362152</th>\n",
       "      <td>F03-EH1AuqjWBdnIzfRL9w</td>\n",
       "      <td>y6v0WKg8pcQAYMjYJE1cxg</td>\n",
       "      <td>54oLdsGU9B8HxFTqCCqV-A</td>\n",
       "      <td>3</td>\n",
       "    </tr>\n",
       "    <tr>\n",
       "      <th>1362153</th>\n",
       "      <td>PFdQZ0-P4olxRiX1LIuvUw</td>\n",
       "      <td>xGS_mlHcCUipSKXrHk6CGw</td>\n",
       "      <td>GjEDg2B1u2ohBMJ0JXD-MA</td>\n",
       "      <td>5</td>\n",
       "    </tr>\n",
       "    <tr>\n",
       "      <th>1362154</th>\n",
       "      <td>_HyMO3evnnZXL6Q-mEQXKQ</td>\n",
       "      <td>a7TMX41LIjhOAKcqydc0tA</td>\n",
       "      <td>nACvSXi3Sl7ns9tN4b4V2w</td>\n",
       "      <td>4</td>\n",
       "    </tr>\n",
       "  </tbody>\n",
       "</table>\n",
       "<p>1362155 rows × 4 columns</p>\n",
       "</div>"
      ],
      "text/plain": [
       "                      review_id                 user_id  \\\n",
       "0        VeLUA1ryxzQMDpkeWgc93w  ouODopBKF3AqfCkuQEnrDg   \n",
       "1        c_q_NPPxyRFPWkVmOKDbeg  kB4jZscAdNAR7sg8Xs0icA   \n",
       "2        in0pHjItjTQurmLI7vfcDQ  kaa6i7IHMyYIom7DIul9EQ   \n",
       "3        rOvS4kJiqzy5t1Rx_266rA  2botYYVjkOyNXYhzYZUrIQ   \n",
       "4        ys8lGUinqqNRIJ3YR39_Xw  zWK0IkGJ4C7tc2NvCbxucQ   \n",
       "...                         ...                     ...   \n",
       "1362150  uyVtfn-1e7hw1JI-nofGtA  UZOm2svtUK-lGt4oTvh4LA   \n",
       "1362151  v70vWS-r8yvqlrtwamUmWg  dplh43OlE_Rime4bFXLT6A   \n",
       "1362152  F03-EH1AuqjWBdnIzfRL9w  y6v0WKg8pcQAYMjYJE1cxg   \n",
       "1362153  PFdQZ0-P4olxRiX1LIuvUw  xGS_mlHcCUipSKXrHk6CGw   \n",
       "1362154  _HyMO3evnnZXL6Q-mEQXKQ  a7TMX41LIjhOAKcqydc0tA   \n",
       "\n",
       "                    business_id  elite_users_rating  \n",
       "0        yfgGVwoWMEm3mWf9iUZ6jQ                   4  \n",
       "1        B10mqANgHvL8gBteo1UhAA                   4  \n",
       "2        u7_3L1NBWgxhBM_B-cmmnA                   4  \n",
       "3        P_x9fEz8efemqOIV46S0tg                   4  \n",
       "4        j8JOZvfeHEfUWq3gEz6ABQ                   5  \n",
       "...                         ...                 ...  \n",
       "1362150  8j5bQ0nDwoGiFaTQDNCQTg                   5  \n",
       "1362151  vb2XWr50QhBpcOtpzxmKWA                   5  \n",
       "1362152  54oLdsGU9B8HxFTqCCqV-A                   3  \n",
       "1362153  GjEDg2B1u2ohBMJ0JXD-MA                   5  \n",
       "1362154  nACvSXi3Sl7ns9tN4b4V2w                   4  \n",
       "\n",
       "[1362155 rows x 4 columns]"
      ]
     },
     "execution_count": 12,
     "metadata": {},
     "output_type": "execute_result"
    }
   ],
   "source": [
    "postgres.query(\"SELECT * FROM elite_reviews_mv\", db_name='yelp', file=False, explain=False, output=True)"
   ]
  },
  {
   "cell_type": "code",
   "execution_count": null,
   "metadata": {},
   "outputs": [
    {
     "data": {
      "text/plain": [
       "[('Hash Semi Join  (cost=5364946.13..6390375.75 rows=6994442 width=73) (actual time=9649.384..14928.698 rows=1362155 loops=1)',),\n",
       " ('  Hash Cond: ((r.business_id)::text = (restaurant_businesses_mv.business_id)::text)',),\n",
       " ('  ->  Hash Semi Join  (cost=5362853.14..6292109.19 rows=6994442 width=73) (actual time=9636.069..14496.711 rows=1725658 loops=1)',),\n",
       " ('        Hash Cond: ((r.user_id)::text = (users.user_id)::text)',),\n",
       " ('        ->  Seq Scan on reviews r  (cost=0.00..629301.42 rows=6994442 width=73) (actual time=0.036..2203.831 rows=6990247 loops=1)',),\n",
       " ('        ->  Hash  (cost=5320600.83..5320600.83 rows=1984665 width=46) (actual time=9635.658..9635.722 rows=91198 loops=1)',),\n",
       " ('              Buckets: 131072  Batches: 32  Memory Usage: 1243kB',),\n",
       " ('              ->  Hash Join  (cost=151158.43..5320600.83 rows=1984665 width=46) (actual time=1068.236..9607.870 rows=91198 loops=1)',),\n",
       " ('                    Hash Cond: ((elite_count.user_id)::text = (users.user_id)::text)',),\n",
       " ('                    ->  Subquery Scan on elite_count  (cost=1000.47..5130346.11 rows=1984665 width=23) (actual time=218.746..8516.765 rows=91198 loops=1)',),\n",
       " ('                          ->  Finalize GroupAggregate  (cost=1000.47..5110499.46 rows=1984665 width=31) (actual time=218.745..8510.855 rows=91198 loops=1)',),\n",
       " ('                                Group Key: u.user_id',),\n",
       " ('                                ->  Gather Merge  (cost=1000.47..5080729.49 rows=3969330 width=23) (actual time=218.597..8493.663 rows=91198 loops=1)',),\n",
       " ('                                      Workers Planned: 2',),\n",
       " ('                                      Workers Launched: 2',),\n",
       " ('                                      ->  Partial GroupAggregate  (cost=0.44..4621570.29 rows=1984665 width=23) (actual time=0.685..5854.470 rows=30399 loops=3)',),\n",
       " ('                                            Group Key: u.user_id',),\n",
       " ('                                            ->  Nested Loop  (cost=0.44..3913292.97 rows=275372269 width=23) (actual time=0.522..5828.067 rows=126832 loops=3)',),\n",
       " ('                                                  ->  Nested Loop  (cost=0.43..460767.60 rows=826944 width=55) (actual time=0.303..5628.845 rows=662632 loops=3)',),\n",
       " ('                                                        ->  Parallel Index Scan using users_pkey on users u  (cost=0.43..444228.72 rows=826944 width=48) (actual time=0.291..4967.963 rows=662632 loops=3)',),\n",
       " ('                                                        ->  Function Scan on unnest unnest_elite  (cost=0.00..0.01 rows=1 width=32) (actual time=0.001..0.001 rows=1 loops=1987897)',),\n",
       " ('                                                  ->  Memoize  (cost=0.01..17.51 rows=333 width=0) (actual time=0.000..0.000 rows=0 loops=1987897)',),\n",
       " ('                                                        Cache Key: unnest_elite.unnest_elite',),\n",
       " ('                                                        Cache Mode: binary',),\n",
       " ('                                                        Hits: 21271  Misses: 141  Evictions: 0  Overflows: 0  Memory Usage: 35kB',),\n",
       " ('                                                        Worker 0:  Hits: 983373  Misses: 965  Evictions: 0  Overflows: 0  Memory Usage: 279kB',),\n",
       " ('                                                        Worker 1:  Hits: 981152  Misses: 995  Evictions: 0  Overflows: 0  Memory Usage: 289kB',),\n",
       " ('                                                        ->  Function Scan on regexp_split_to_table split_elites  (cost=0.00..17.50 rows=333 width=0) (actual time=0.008..0.009 rows=6 loops=2101)',),\n",
       " ('                                                              Filter: (length(TRIM(BOTH FROM split_elites)) >= 2)',),\n",
       " ('                                                              Rows Removed by Filter: 0',),\n",
       " ('                    ->  Hash  (cost=113720.65..113720.65 rows=1984665 width=23) (actual time=848.647..848.648 rows=1987897 loops=1)',),\n",
       " ('                          Buckets: 131072  Batches: 16  Memory Usage: 7700kB',),\n",
       " ('                          ->  Seq Scan on users  (cost=0.00..113720.65 rows=1984665 width=23) (actual time=0.030..546.929 rows=1987897 loops=1)',),\n",
       " ('  ->  Hash  (cost=1285.77..1285.77 rows=64577 width=23) (actual time=12.845..12.846 rows=64577 loops=1)',),\n",
       " ('        Buckets: 65536  Batches: 1  Memory Usage: 3981kB',),\n",
       " ('        ->  Seq Scan on restaurant_businesses_mv  (cost=0.00..1285.77 rows=64577 width=23) (actual time=0.030..6.518 rows=64577 loops=1)',),\n",
       " ('Planning Time: 3.847 ms',),\n",
       " ('Execution Time: 14963.052 ms',)]"
      ]
     },
     "execution_count": 13,
     "metadata": {},
     "output_type": "execute_result"
    }
   ],
   "source": [
    "postgres.query(\"\"\"\n",
    "EXPLAIN ANALYZE\n",
    "WITH elite_year AS (\n",
    "    SELECT user_id, TRIM(split_elites) AS unnest_year\n",
    "    FROM users u\n",
    "    CROSS JOIN LATERAL UNNEST(elite) AS unnest_elite\n",
    "    CROSS JOIN LATERAL REGEXP_SPLIT_TO_TABLE(unnest_elite, ',') AS split_elites\n",
    "), elite_count AS (\n",
    "    SELECT user_id, COUNT(*)\n",
    "    FROM elite_year\n",
    "    WHERE LENGTH(unnest_year) >= 2\n",
    "    GROUP BY user_id\n",
    "), elite_users AS (\n",
    "    SELECT user_id\n",
    "    FROM users\n",
    "    WHERE user_id in (SELECT user_id FROM elite_count)\n",
    ")\n",
    "\n",
    "SELECT r.review_id, r.user_id, r.business_id, r.stars AS elite_users_rating\n",
    "FROM reviews r\n",
    "WHERE r.user_id IN (SELECT user_id FROM elite_users)\n",
    "AND r.business_id IN (SELECT business_id FROM restaurant_businesses_mv);\n",
    "\"\"\", db_name='yelp', explain=True)"
   ]
  },
  {
   "cell_type": "markdown",
   "metadata": {},
   "source": [
    "# Query 3"
   ]
  },
  {
   "cell_type": "code",
   "execution_count": null,
   "metadata": {},
   "outputs": [],
   "source": [
    "postgres.query('../queries/q3.sql', db_name='yelp', file=True, output=False)"
   ]
  },
  {
   "cell_type": "code",
   "execution_count": null,
   "metadata": {},
   "outputs": [
    {
     "data": {
      "text/html": [
       "<div>\n",
       "<style scoped>\n",
       "    .dataframe tbody tr th:only-of-type {\n",
       "        vertical-align: middle;\n",
       "    }\n",
       "\n",
       "    .dataframe tbody tr th {\n",
       "        vertical-align: top;\n",
       "    }\n",
       "\n",
       "    .dataframe thead th {\n",
       "        text-align: right;\n",
       "    }\n",
       "</style>\n",
       "<table border=\"1\" class=\"dataframe\">\n",
       "  <thead>\n",
       "    <tr style=\"text-align: right;\">\n",
       "      <th></th>\n",
       "      <th>business_name</th>\n",
       "      <th>business_id</th>\n",
       "      <th>total_elite_reviews</th>\n",
       "      <th>elite_users_avg_rating</th>\n",
       "      <th>all_users_avg_rating</th>\n",
       "      <th>michelin_star</th>\n",
       "    </tr>\n",
       "  </thead>\n",
       "  <tbody>\n",
       "    <tr>\n",
       "      <th>0</th>\n",
       "      <td>Tumerico</td>\n",
       "      <td>DVBJRvnCpkqaYl6nHroaMg</td>\n",
       "      <td>147</td>\n",
       "      <td>4.850</td>\n",
       "      <td>5.0</td>\n",
       "      <td>3</td>\n",
       "    </tr>\n",
       "    <tr>\n",
       "      <th>1</th>\n",
       "      <td>TeeJay's Sweet Tooth</td>\n",
       "      <td>OwWt11-2Xps3haab2ZpvLQ</td>\n",
       "      <td>113</td>\n",
       "      <td>4.850</td>\n",
       "      <td>5.0</td>\n",
       "      <td>3</td>\n",
       "    </tr>\n",
       "    <tr>\n",
       "      <th>2</th>\n",
       "      <td>Smiling With Hope Pizza</td>\n",
       "      <td>OR7VJQ3Nk1wCcIbPN4TCQQ</td>\n",
       "      <td>122</td>\n",
       "      <td>4.844</td>\n",
       "      <td>5.0</td>\n",
       "      <td>3</td>\n",
       "    </tr>\n",
       "    <tr>\n",
       "      <th>3</th>\n",
       "      <td>Amelia’s</td>\n",
       "      <td>zuDXSlqm2veuwTD_Kl-pkw</td>\n",
       "      <td>129</td>\n",
       "      <td>4.829</td>\n",
       "      <td>5.0</td>\n",
       "      <td>3</td>\n",
       "    </tr>\n",
       "    <tr>\n",
       "      <th>4</th>\n",
       "      <td>Nicey Treat</td>\n",
       "      <td>JeSIzQ1MbaYGMrGDtEAutQ</td>\n",
       "      <td>136</td>\n",
       "      <td>4.824</td>\n",
       "      <td>5.0</td>\n",
       "      <td>3</td>\n",
       "    </tr>\n",
       "    <tr>\n",
       "      <th>...</th>\n",
       "      <td>...</td>\n",
       "      <td>...</td>\n",
       "      <td>...</td>\n",
       "      <td>...</td>\n",
       "      <td>...</td>\n",
       "      <td>...</td>\n",
       "    </tr>\n",
       "    <tr>\n",
       "      <th>1922</th>\n",
       "      <td>Iron Hill Brewery &amp; Restaurant</td>\n",
       "      <td>5KS5b5-ip8znhJS_CYdzeQ</td>\n",
       "      <td>117</td>\n",
       "      <td>3.684</td>\n",
       "      <td>4.0</td>\n",
       "      <td>1</td>\n",
       "    </tr>\n",
       "    <tr>\n",
       "      <th>1923</th>\n",
       "      <td>Pearl's Oyster Bar</td>\n",
       "      <td>QtST1igZAi0q9LxJr6srIQ</td>\n",
       "      <td>109</td>\n",
       "      <td>3.670</td>\n",
       "      <td>4.0</td>\n",
       "      <td>1</td>\n",
       "    </tr>\n",
       "    <tr>\n",
       "      <th>1924</th>\n",
       "      <td>Nom Nom Ramen</td>\n",
       "      <td>pm1bStJuol5XmxE_atZhCQ</td>\n",
       "      <td>204</td>\n",
       "      <td>3.647</td>\n",
       "      <td>4.0</td>\n",
       "      <td>1</td>\n",
       "    </tr>\n",
       "    <tr>\n",
       "      <th>1925</th>\n",
       "      <td>Lorenzo &amp; Sons Pizza</td>\n",
       "      <td>FD7gMovIYQmhdn23Iq91zQ</td>\n",
       "      <td>295</td>\n",
       "      <td>3.563</td>\n",
       "      <td>4.0</td>\n",
       "      <td>1</td>\n",
       "    </tr>\n",
       "    <tr>\n",
       "      <th>1926</th>\n",
       "      <td>Le Bayou Restaurant</td>\n",
       "      <td>HKdAOvtDv47zPjceCjbz4Q</td>\n",
       "      <td>140</td>\n",
       "      <td>3.557</td>\n",
       "      <td>4.0</td>\n",
       "      <td>1</td>\n",
       "    </tr>\n",
       "  </tbody>\n",
       "</table>\n",
       "<p>1927 rows × 6 columns</p>\n",
       "</div>"
      ],
      "text/plain": [
       "                       business_name             business_id  \\\n",
       "0                           Tumerico  DVBJRvnCpkqaYl6nHroaMg   \n",
       "1               TeeJay's Sweet Tooth  OwWt11-2Xps3haab2ZpvLQ   \n",
       "2            Smiling With Hope Pizza  OR7VJQ3Nk1wCcIbPN4TCQQ   \n",
       "3                           Amelia’s  zuDXSlqm2veuwTD_Kl-pkw   \n",
       "4                        Nicey Treat  JeSIzQ1MbaYGMrGDtEAutQ   \n",
       "...                              ...                     ...   \n",
       "1922  Iron Hill Brewery & Restaurant  5KS5b5-ip8znhJS_CYdzeQ   \n",
       "1923              Pearl's Oyster Bar  QtST1igZAi0q9LxJr6srIQ   \n",
       "1924                   Nom Nom Ramen  pm1bStJuol5XmxE_atZhCQ   \n",
       "1925            Lorenzo & Sons Pizza  FD7gMovIYQmhdn23Iq91zQ   \n",
       "1926             Le Bayou Restaurant  HKdAOvtDv47zPjceCjbz4Q   \n",
       "\n",
       "      total_elite_reviews elite_users_avg_rating  all_users_avg_rating  \\\n",
       "0                     147                  4.850                   5.0   \n",
       "1                     113                  4.850                   5.0   \n",
       "2                     122                  4.844                   5.0   \n",
       "3                     129                  4.829                   5.0   \n",
       "4                     136                  4.824                   5.0   \n",
       "...                   ...                    ...                   ...   \n",
       "1922                  117                  3.684                   4.0   \n",
       "1923                  109                  3.670                   4.0   \n",
       "1924                  204                  3.647                   4.0   \n",
       "1925                  295                  3.563                   4.0   \n",
       "1926                  140                  3.557                   4.0   \n",
       "\n",
       "      michelin_star  \n",
       "0                 3  \n",
       "1                 3  \n",
       "2                 3  \n",
       "3                 3  \n",
       "4                 3  \n",
       "...             ...  \n",
       "1922              1  \n",
       "1923              1  \n",
       "1924              1  \n",
       "1925              1  \n",
       "1926              1  \n",
       "\n",
       "[1927 rows x 6 columns]"
      ]
     },
     "execution_count": 15,
     "metadata": {},
     "output_type": "execute_result"
    }
   ],
   "source": [
    "postgres.query(\"\"\"\n",
    "SELECT *\n",
    "FROM michelin_guide_mv;\n",
    "\"\"\", db_name='yelp')"
   ]
  },
  {
   "cell_type": "code",
   "execution_count": null,
   "metadata": {},
   "outputs": [
    {
     "data": {
      "text/plain": [
       "[('Sort  (cost=30699.49..30699.57 rows=31 width=92) (actual time=497.456..497.544 rows=1927 loops=1)',),\n",
       " ('  Sort Key: (round(eur.elite_users_avg_rating, 3)) DESC',),\n",
       " ('  Sort Method: quicksort  Memory: 223kB',),\n",
       " ('  ->  Hash Join  (cost=29172.23..30698.72 rows=31 width=92) (actual time=488.015..496.751 rows=1927 loops=1)',),\n",
       " ('        Hash Cond: ((rbmv.business_id)::text = (eur.business_id)::text)',),\n",
       " ('        ->  Seq Scan on restaurant_businesses_mv rbmv  (cost=0.00..1447.21 rows=29936 width=48) (actual time=0.013..5.583 rows=30008 loops=1)',),\n",
       " (\"              Filter: (stars >= '3.8'::double precision)\",),\n",
       " ('              Rows Removed by Filter: 34569',),\n",
       " ('        ->  Hash  (cost=29171.39..29171.39 rows=67 width=102) (actual time=487.969..488.004 rows=2550 loops=1)',),\n",
       " ('              Buckets: 4096 (originally 1024)  Batches: 1 (originally 1)  Memory Usage: 221kB',),\n",
       " ('              ->  Subquery Scan on eur  (cost=29118.05..29171.39 rows=67 width=102) (actual time=381.957..487.101 rows=2550 loops=1)',),\n",
       " ('                    ->  Finalize GroupAggregate  (cost=29118.05..29170.72 rows=67 width=102) (actual time=381.956..486.874 rows=2550 loops=1)',),\n",
       " ('                          Group Key: elite_reviews_mv.business_id',),\n",
       " ('                          Filter: (count(*) >= 100)',),\n",
       " ('                          Rows Removed by Filter: 58682',),\n",
       " ('                          ->  Gather Merge  (cost=29118.05..29164.72 rows=400 width=102) (actual time=381.806..445.493 rows=153115 loops=1)',),\n",
       " ('                                Workers Planned: 2',),\n",
       " ('                                Workers Launched: 2',),\n",
       " ('                                ->  Sort  (cost=28118.03..28118.53 rows=200 width=102) (actual time=359.492..376.111 rows=51038 loops=3)',),\n",
       " ('                                      Sort Key: elite_reviews_mv.business_id',),\n",
       " ('                                      Sort Method: external merge  Disk: 4176kB',),\n",
       " ('                                      Worker 0:  Sort Method: external merge  Disk: 4056kB',),\n",
       " ('                                      Worker 1:  Sort Method: external merge  Disk: 4080kB',),\n",
       " ('                                      ->  Partial HashAggregate  (cost=28108.38..28110.38 rows=200 width=102) (actual time=165.486..184.963 rows=51038 loops=3)',),\n",
       " ('                                            Group Key: elite_reviews_mv.business_id',),\n",
       " ('                                            Batches: 5  Memory Usage: 8257kB  Disk Usage: 1736kB',),\n",
       " ('                                            Worker 0:  Batches: 5  Memory Usage: 8257kB  Disk Usage: 1672kB',),\n",
       " ('                                            Worker 1:  Batches: 5  Memory Usage: 8257kB  Disk Usage: 1680kB',),\n",
       " ('                                            ->  Parallel Seq Scan on elite_reviews_mv  (cost=0.00..23851.65 rows=567565 width=66) (actual time=0.188..43.490 rows=454052 loops=3)',),\n",
       " ('Planning Time: 1.210 ms',),\n",
       " ('Execution Time: 499.585 ms',)]"
      ]
     },
     "execution_count": 16,
     "metadata": {},
     "output_type": "execute_result"
    }
   ],
   "source": [
    "postgres.query(\"\"\"\n",
    "EXPLAIN ANALYZE\n",
    "WITH elite_users_ratings AS (\n",
    "    SELECT business_id,\n",
    "    AVG(elite_users_rating) AS elite_users_avg_rating,\n",
    "    COUNT(*) AS total_elite_reviews\n",
    "    FROM elite_reviews_mv\n",
    "    GROUP BY business_id\n",
    "), elite_businesses_ratings AS (\n",
    "    SELECT name AS business_name, business_id,\n",
    "    total_elite_reviews,\n",
    "    ROUND(elite_users_avg_rating, 3) AS elite_users_avg_rating,\n",
    "    stars AS all_users_avg_rating\n",
    "    FROM restaurant_businesses_mv rbmv\n",
    "    NATURAL JOIN elite_users_ratings eur\n",
    ")\n",
    "\n",
    "SELECT *,\n",
    "CASE \n",
    "    WHEN elite_users_avg_rating >= 4.5 AND elite_users_avg_rating <= 5 THEN 3\n",
    "    WHEN elite_users_avg_rating >= 4 AND elite_users_avg_rating < 4.5 THEN 2\n",
    "    ELSE 1 END AS Michelin_star\n",
    "FROM elite_businesses_ratings\n",
    "WHERE total_elite_reviews >= 100 AND all_users_avg_rating >= 3.8\n",
    "ORDER BY elite_users_avg_rating DESC;\n",
    "\"\"\", db_name='yelp', explain=True)"
   ]
  }
 ],
 "metadata": {
  "kernelspec": {
   "display_name": "base",
   "language": "python",
   "name": "python3"
  },
  "language_info": {
   "codemirror_mode": {
    "name": "ipython",
    "version": 3
   },
   "file_extension": ".py",
   "mimetype": "text/x-python",
   "name": "python",
   "nbconvert_exporter": "python",
   "pygments_lexer": "ipython3",
   "version": "3.11.5"
  }
 },
 "nbformat": 4,
 "nbformat_minor": 2
}
